<?xml version="1.0" encoding="UTF-8"?>
<testsuite xmlns:xsi="http://www.w3.org/2001/XMLSchema-instance" xsi:noNamespaceSchemaLocation="https://maven.apache.org/surefire/maven-surefire-plugin/xsd/surefire-test-report.xsd" name="com.dubber.AppTest" time="0.136" tests="1" errors="0" skipped="0" failures="0">
  <properties>
    <property name="user.variant" value=""/>
    <property name="java.vm.info" value="mixed mode"/>
    <property name="file.encoding.pkg" value="sun.io"/>
    <property name="file.encoding" value="GBK"/>
    <property name="java.specification.name" value="Java Platform API Specification"/>
    <property name="sun.os.patch.level" value="Service Pack 1"/>
    <property name="user.dir" value="D:\Workspace-spring\dubber-serializable"/>
    <property name="line.separator" value="&#10;"/>
    <property name="java.home" value="D:\soft_kit\Java\jdk1.7.0_67\jre"/>
    <property name="user.name" value="Administrator"/>
    <property name="sun.boot.library.path" value="D:\soft_kit\Java\jdk1.7.0_67\jre\bin"/>
    <property name="user.home" value="C:\Users\Administrator"/>
    <property name="localRepository" value="D:\mvn\shopmvn\shop-repository"/>
    <property name="sun.java.launcher" value="SUN_STANDARD"/>
    <property name="java.class.version" value="51.0"/>
    <property name="user.language" value="zh"/>
    <property name="java.vendor.url.bug" value="http://bugreport.sun.com/bugreport/"/>
    <property name="sun.jnu.encoding" value="GBK"/>
    <property name="java.io.tmpdir" value="C:\Users\ADMINI~1\AppData\Local\Temp\"/>
    <property name="java.specification.vendor" value="Oracle Corporation"/>
    <property name="file.separator" value="\"/>
    <property name="java.class.path" value="D:\Workspace-spring\dubber-serializable\target\test-classes;D:\Workspace-spring\dubber-serializable\target\classes;D:\mvn\shopmvn\shop-repository\junit\junit\4.11\junit-4.11.jar;D:\mvn\shopmvn\shop-repository\org\hamcrest\hamcrest-core\1.3\hamcrest-core-1.3.jar;"/>
    <property name="java.vm.vendor" value="Oracle Corporation"/>
    <property name="sun.cpu.endian" value="little"/>
    <property name="maven.repo.local" value="D:\mvn\shopmvn\shop-repository"/>
    <property name="java.vm.specification.vendor" value="Oracle Corporation"/>
    <property name="java.specification.version" value="1.7"/>
    <property name="user.script" value=""/>
    <property name="awt.toolkit" value="sun.awt.windows.WToolkit"/>
    <property name="sun.java.command" value="C:\Users\ADMINI~1\AppData\Local\Temp\surefire5446979972301739327\surefirebooter2984294105869527479.jar C:\Users\Administrator\AppData\Local\Temp\surefire5446979972301739327 2018-05-31T21-46-42_559-jvmRun1 surefire2078234857372627159tmp surefire_08086735052772230016tmp"/>
    <property name="user.timezone" value=""/>
    <property name="surefire.test.class.path" value="D:\Workspace-spring\dubber-serializable\target\test-classes;D:\Workspace-spring\dubber-serializable\target\classes;D:\mvn\shopmvn\shop-repository\junit\junit\4.11\junit-4.11.jar;D:\mvn\shopmvn\shop-repository\org\hamcrest\hamcrest-core\1.3\hamcrest-core-1.3.jar;"/>
    <property name="java.runtime.version" value="1.7.0_67-b01"/>
    <property name="java.vendor" value="Oracle Corporation"/>
    <property name="sun.management.compiler" value="HotSpot 64-Bit Tiered Compilers"/>
    <property name="sun.arch.data.model" value="64"/>
    <property name="os.arch" value="amd64"/>
    <property name="sun.io.unicode.encoding" value="UnicodeLittle"/>
    <property name="java.awt.printerjob" value="sun.awt.windows.WPrinterJob"/>
    <property name="path.separator" value=";"/>
    <property name="java.runtime.name" value="Java(TM) SE Runtime Environment"/>
    <property name="java.vendor.url" value="http://java.oracle.com/"/>
    <property name="sun.boot.class.path" value="D:\soft_kit\Java\jdk1.7.0_67\jre\lib\resources.jar;D:\soft_kit\Java\jdk1.7.0_67\jre\lib\rt.jar;D:\soft_kit\Java\jdk1.7.0_67\jre\lib\sunrsasign.jar;D:\soft_kit\Java\jdk1.7.0_67\jre\lib\jsse.jar;D:\soft_kit\Java\jdk1.7.0_67\jre\lib\jce.jar;D:\soft_kit\Java\jdk1.7.0_67\jre\lib\charsets.jar;D:\soft_kit\Java\jdk1.7.0_67\jre\lib\jfr.jar;D:\soft_kit\Java\jdk1.7.0_67\jre\classes"/>
    <property name="surefire.real.class.path" value="C:\Users\ADMINI~1\AppData\Local\Temp\surefire5446979972301739327\surefirebooter2984294105869527479.jar"/>
    <property name="java.endorsed.dirs" value="D:\soft_kit\Java\jdk1.7.0_67\jre\lib\endorsed"/>
    <property name="sun.desktop" value="windows"/>
    <property name="idea.version" value="2017.1.5"/>
    <property name="java.vm.version" value="24.65-b04"/>
    <property name="os.name" value="Windows 7"/>
    <property name="java.vm.specification.version" value="1.7"/>
    <property name="sun.cpu.isalist" value="amd64"/>
    <property name="java.version" value="1.7.0_67"/>
    <property name="java.vm.specification.name" value="Java Virtual Machine Specification"/>
    <property name="java.ext.dirs" value="D:\soft_kit\Java\jdk1.7.0_67\jre\lib\ext;C:\Windows\Sun\Java\lib\ext"/>
    <property name="os.version" value="6.1"/>
    <property name="basedir" value="D:\Workspace-spring\dubber-serializable"/>
    <property name="java.library.path" value="D:\soft_kit\Java\jdk1.7.0_67\jre\bin;C:\Windows\Sun\Java\bin;C:\Windows\system32;C:\Windows;C:\ProgramData\Oracle\Java\javapath;C:\Windows\system32;C:\Windows;C:\Windows\System32\Wbem;C:\Windows\System32\WindowsPowerShell\v1.0\;C:\Program Files (x86)\ATI Technologies\ATI.ACE\Core-Static;D:\soft\Java\jdk1.8.0_131\bin;D:\soft\Java\jdk1.8.0_131\jre\bin;D:\soft\apache-maven-3.0.4\bin;D:\soft\apache-tomcat-7.0.56\bin;D:\soft\apache-tomcat-7.0.56\lib; D:\soft\apache-tomcat-7.0.56\lib\servlet-api.jar;D:\soft\apache-tomcat-7.0.56\lib\jsp-api.jar;D:\soft\apache-tomcat-7.0.56-2\bin;D:\soft\apache-tomcat-7.0.56-2\lib;D:\soft\gradle-1.6\bin;D:\soft\apache-tomcat-7.0.56-2\lib\servlet-api.jar;D:\soft\apache-tomcat-7.0.56-2\lib\jsp-api.jar;C:\Program Files\Lenovo\Bluetooth Software\;C:\Program Files\Lenovo\Bluetooth Software\syswow64;c:\Program Files (x86)\QuickTime\QTSystem\;d:\soft\UltraEdit;d:\soft\Git\cmd;C:\Program Files (x86)\Microsoft SQL Server\100\Tools\Binn\;C:\Program Files\Microsoft SQL Server\100\Tools\Binn\;C:\Program Files\Microsoft SQL Server\100\DTS\Binn\;D:\soft\Python\Scripts\;D:\soft\Python\;."/>
    <property name="java.awt.graphicsenv" value="sun.awt.Win32GraphicsEnvironment"/>
    <property name="java.vm.name" value="Java HotSpot(TM) 64-Bit Server VM"/>
    <property name="user.country" value="CN"/>
  </properties>
  <testcase name="shouldAnswerWithTrue" classname="com.dubber.AppTest" time="0.001"/>
</testsuite>